[debug] [2020-10-05T09:09:27.472Z] ----------------------------------------------------------------------
[debug] [2020-10-05T09:09:27.475Z] Command:       C:\Program Files\nodejs\node.exe C:\Users\user\AppData\Roaming\npm\node_modules\firebase-tools\lib\bin\firebase.js init
[debug] [2020-10-05T09:09:27.476Z] CLI Version:   8.11.2
[debug] [2020-10-05T09:09:27.476Z] Platform:      win32
[debug] [2020-10-05T09:09:27.476Z] Node Version:  v14.4.0
[debug] [2020-10-05T09:09:27.478Z] Time:          Mon Oct 05 2020 12:09:27 GMT+0300 (שעון ישראל (קיץ))
[debug] [2020-10-05T09:09:27.478Z] ----------------------------------------------------------------------
[debug] [2020-10-05T09:09:27.478Z] 
[debug] [2020-10-05T09:09:27.490Z] > command requires scopes: ["email","openid","https://www.googleapis.com/auth/cloudplatformprojects.readonly","https://www.googleapis.com/auth/firebase","https://www.googleapis.com/auth/cloud-platform"]
[debug] [2020-10-05T09:09:27.492Z] > authorizing via signed-in user
[info] 
     ######## #### ########  ######## ########     ###     ######  ########
     ##        ##  ##     ## ##       ##     ##  ##   ##  ##       ##
     ######    ##  ########  ######   ########  #########  ######  ######
     ##        ##  ##    ##  ##       ##     ## ##     ##       ## ##
     ##       #### ##     ## ######## ########  ##     ##  ######  ########

You're about to initialize a Firebase project in this directory:

  C:\Users\user\Desktop\Course Coding\reactProjects\amazon-clone

Before we get started, keep in mind:

  * You are initializing in an existing Firebase project directory

[info] 
=== Project Setup
[info] 
[info] First, let's associate this project directory with a Firebase project.
[info] You can create multiple project aliases by running firebase use --add, 
[info] but for now we'll just set up a default project.
[info] 
[info] i  .firebaserc already has a default project, using clone-5a923. 
[debug] [2020-10-05T09:09:39.281Z] > refreshing access token with scopes: ["email","https://www.googleapis.com/auth/cloud-platform","https://www.googleapis.com/auth/cloudplatformprojects.readonly","https://www.googleapis.com/auth/firebase","openid"]
[debug] [2020-10-05T09:09:39.282Z] >>> HTTP REQUEST POST https://www.googleapis.com/oauth2/v3/token  
 <request body omitted>
[debug] [2020-10-05T09:09:39.287Z] Authentication Error: Your credentials are no longer valid. Please run firebase login --reauth

For CI servers and headless environments, generate a new token with firebase login:ci
[debug] [2020-10-05T09:09:39.297Z] FirebaseError: Authentication Error: Your credentials are no longer valid. Please run firebase login --reauth

For CI servers and headless environments, generate a new token with firebase login:ci
    at Object.<anonymous> (C:\Users\user\AppData\Roaming\npm\node_modules\firebase-tools\lib\auth.js:23:32)
    at Module._compile (internal/modules/cjs/loader.js:1200:30)
    at Object.Module._extensions..js (internal/modules/cjs/loader.js:1220:10)
    at Module.load (internal/modules/cjs/loader.js:1049:32)
    at Function.Module._load (internal/modules/cjs/loader.js:937:14)
    at Module.require (internal/modules/cjs/loader.js:1089:19)
    at require (internal/modules/cjs/helpers.js:73:18)
    at Object.<anonymous> (C:\Users\user\AppData\Roaming\npm\node_modules\firebase-tools\lib\init\features\hosting\github.js:20:16)
    at Module._compile (internal/modules/cjs/loader.js:1200:30)
    at Object.Module._extensions..js (internal/modules/cjs/loader.js:1220:10)
    at Module.load (internal/modules/cjs/loader.js:1049:32)
    at Function.Module._load (internal/modules/cjs/loader.js:937:14)
    at Module.require (internal/modules/cjs/loader.js:1089:19)
    at require (internal/modules/cjs/helpers.js:73:18)
    at Object.<anonymous> (C:\Users\user\AppData\Roaming\npm\node_modules\firebase-tools\lib\init\features\hosting\index.js:7:22)
    at Module._compile (internal/modules/cjs/loader.js:1200:30)
[error] 
[error] Error: Failed to get Firebase project clone-5a923. Please make sure the project exists and your account has permission to access it.
[debug] [2020-10-05T09:09:59.602Z] ----------------------------------------------------------------------
[debug] [2020-10-05T09:09:59.604Z] Command:       C:\Program Files\nodejs\node.exe C:\Users\user\AppData\Roaming\npm\node_modules\firebase-tools\lib\bin\firebase.js init
[debug] [2020-10-05T09:09:59.605Z] CLI Version:   8.11.2
[debug] [2020-10-05T09:09:59.605Z] Platform:      win32
[debug] [2020-10-05T09:09:59.605Z] Node Version:  v14.4.0
[debug] [2020-10-05T09:09:59.608Z] Time:          Mon Oct 05 2020 12:09:59 GMT+0300 (שעון ישראל (קיץ))
[debug] [2020-10-05T09:09:59.608Z] ----------------------------------------------------------------------
[debug] [2020-10-05T09:09:59.608Z] 
[debug] [2020-10-05T09:09:59.619Z] > command requires scopes: ["email","openid","https://www.googleapis.com/auth/cloudplatformprojects.readonly","https://www.googleapis.com/auth/firebase","https://www.googleapis.com/auth/cloud-platform"]
[debug] [2020-10-05T09:09:59.619Z] > authorizing via signed-in user
[info] 
     ######## #### ########  ######## ########     ###     ######  ########
     ##        ##  ##     ## ##       ##     ##  ##   ##  ##       ##
     ######    ##  ########  ######   ########  #########  ######  ######
     ##        ##  ##    ##  ##       ##     ## ##     ##       ## ##
     ##       #### ##     ## ######## ########  ##     ##  ######  ########

You're about to initialize a Firebase project in this directory:

  C:\Users\user\Desktop\Course Coding\reactProjects\amazon-clone

Before we get started, keep in mind:

  * You are initializing in an existing Firebase project directory

[info] 
=== Project Setup
[info] 
[info] First, let's associate this project directory with a Firebase project.
[info] You can create multiple project aliases by running firebase use --add, 
[info] but for now we'll just set up a default project.
[info] 
[info] i  .firebaserc already has a default project, using clone-5a923. 
[debug] [2020-10-05T09:10:13.811Z] > refreshing access token with scopes: ["email","https://www.googleapis.com/auth/cloud-platform","https://www.googleapis.com/auth/cloudplatformprojects.readonly","https://www.googleapis.com/auth/firebase","openid"]
[debug] [2020-10-05T09:10:13.812Z] >>> HTTP REQUEST POST https://www.googleapis.com/oauth2/v3/token  
 <request body omitted>
[debug] [2020-10-05T09:10:13.825Z] Authentication Error: Your credentials are no longer valid. Please run firebase login --reauth

For CI servers and headless environments, generate a new token with firebase login:ci
[debug] [2020-10-05T09:10:13.831Z] FirebaseError: Authentication Error: Your credentials are no longer valid. Please run firebase login --reauth

For CI servers and headless environments, generate a new token with firebase login:ci
    at Object.<anonymous> (C:\Users\user\AppData\Roaming\npm\node_modules\firebase-tools\lib\auth.js:23:32)
    at Module._compile (internal/modules/cjs/loader.js:1200:30)
    at Object.Module._extensions..js (internal/modules/cjs/loader.js:1220:10)
    at Module.load (internal/modules/cjs/loader.js:1049:32)
    at Function.Module._load (internal/modules/cjs/loader.js:937:14)
    at Module.require (internal/modules/cjs/loader.js:1089:19)
    at require (internal/modules/cjs/helpers.js:73:18)
    at Object.<anonymous> (C:\Users\user\AppData\Roaming\npm\node_modules\firebase-tools\lib\init\features\hosting\github.js:20:16)
    at Module._compile (internal/modules/cjs/loader.js:1200:30)
    at Object.Module._extensions..js (internal/modules/cjs/loader.js:1220:10)
    at Module.load (internal/modules/cjs/loader.js:1049:32)
    at Function.Module._load (internal/modules/cjs/loader.js:937:14)
    at Module.require (internal/modules/cjs/loader.js:1089:19)
    at require (internal/modules/cjs/helpers.js:73:18)
    at Object.<anonymous> (C:\Users\user\AppData\Roaming\npm\node_modules\firebase-tools\lib\init\features\hosting\index.js:7:22)
    at Module._compile (internal/modules/cjs/loader.js:1200:30)
[error] 
[error] Error: Failed to get Firebase project clone-5a923. Please make sure the project exists and your account has permission to access it.
